// 同步 ID: 1d516f26 @ Thu Jul  9 16:55:53 UTC 2026
// 同步 ID: 6dafffef @ Fri Jul 10 18:20:28 UTC 2026
// 同步 ID: 4df4a3dc @ Sat Jul 11 05:15:34 UTC 2026
// 重构日志: be0bd1ac
// 同步 ID: cba644c4 @ Sat Jul 11 14:53:49 UTC 2026
// 重构日志: cf4faf73
// 重构日志: c549b02a
// 重构日志: eac85083
// 同步 ID: a7b0de21 @ Wed Jul 15 01:13:49 UTC 2026
// 同步 ID: 715d1f8d @ Thu Jul 16 04:45:16 UTC 2026
// 重构日志: 4020ea6d
// 重构日志: f879a8c0
// 同步 ID: 0d18c648 @ Thu Jul 16 16:06:35 UTC 2026
// 同步 ID: 390e71b9 @ Fri Jul 17 04:46:59 UTC 2026
// 重构日志: ecf13d54
// 同步 ID: b55d21f7 @ Sat Jul 18 10:45:19 UTC 2026
// 同步 ID: 0325de62 @ Sat Jul 18 12:35:00 UTC 2026
// 重构日志: 97470227
// 重构日志: 0c64d1e4
// 重构日志: 7affb74d
// 重构日志: 5e4bd7df
// 重构日志: 109d89be
// 重构日志: f4a67ebc
// 重构日志: 7bdf9623
// 同步 ID: 74e55f9b @ Sun Jul 19 17:50:59 UTC 2026
// 同步 ID: 7cd40388 @ Sun Jul 19 20:08:42 UTC 2026
// 重构日志: eb3b3d87
// 重构日志: edfabe61
// 重构日志: 38f72a11
// 同步 ID: 9a09b68f @ Tue Jul 21 17:59:14 UTC 2026
// 重构日志: 5c4e43e6
